<?xml version="1.0" encoding="UTF-8"?>
<testsuite xmlns:xsi="http://www.w3.org/2001/XMLSchema-instance" xsi:noNamespaceSchemaLocation="https://maven.apache.org/surefire/maven-surefire-plugin/xsd/surefire-test-report.xsd" version="3.0.2" name="com.proceso.desarrollo.TrabajoPracticoApplicationTests" time="0.601" tests="1" errors="0" skipped="0" failures="0">
  <properties>
[...]
</properties>
  <testcase name="contextLoads" classname="com.proceso.desarrollo.TrabajoPracticoApplicationTests" time="0.303">
    <system-out><![CDATA[20:07:35.167 [main] INFO org.springframework.test.context.support.AnnotationConfigContextLoaderUtils -- Could not detect default configuration classes for test class [com.proceso.desarrollo.TrabajoPracticoApplicationTests]: TrabajoPracticoApplicationTests does not declare any static, non-private, non-final, nested classes annotated with @Configuration.
20:07:35.197 [main] INFO org.springframework.boot.test.context.SpringBootTestContextBootstrapper -- Found @SpringBootConfiguration com.proceso.desarrollo.TrabajoPracticoApplication for test class com.proceso.desarrollo.TrabajoPracticoApplicationTests

  .   ____          _            __ _ _
 /\\ / ___'_ __ _ _(_)_ __  __ _ \ \ \ \
( ( )\___ | '_ | '_| | '_ \/ _` | \ \ \ \
 \\/  ___)| |_)| | | | | || (_| |  ) ) ) )
  '  |____| .__|_| |_|_| |_\__, | / / / /
 =========|_|==============|___/=/_/_/_/

 :: Spring Boot ::                (v3.5.6)

2025-10-22T20:07:35.305-03:00  INFO 58497 --- [trabajoPractico] [           main] c.p.d.TrabajoPracticoApplicationTests    : Starting TrabajoPracticoApplicationTests using Java 21.0.7 with PID 58497 (started by lucas in /Users/lucas/facultad/proceso_desarrollo_software/TP/repo)
2025-10-22T20:07:35.305-03:00  INFO 58497 --- [trabajoPractico] [           main] c.p.d.TrabajoPracticoApplicationTests    : No active profile set, falling back to 1 default profile: "default"
2025-10-22T20:07:35.420-03:00  INFO 58497 --- [trabajoPractico] [           main] c.p.d.TrabajoPracticoApplicationTests    : Started TrabajoPracticoApplicationTests in 0.191 seconds (process running for 0.443)
]]></system-out>
    <system-err><![CDATA[Mockito is currently self-attaching to enable the inline-mock-maker. This will no longer work in future releases of the JDK. Please add Mockito as an agent to your build as described in Mockito's documentation: https://javadoc.io/doc/org.mockito/mockito-core/latest/org.mockito/org/mockito/Mockito.html#0.3
WARNING: A Java agent has been loaded dynamically (/Users/lucas/.m2/repository/net/bytebuddy/byte-buddy-agent/1.17.7/byte-buddy-agent-1.17.7.jar)
WARNING: If a serviceability tool is in use, please run with -XX:+EnableDynamicAgentLoading to hide this warning
WARNING: If a serviceability tool is not in use, please run with -Djdk.instrument.traceUsage for more information
WARNING: Dynamic loading of agents will be disallowed by default in a future release
]]></system-err>
  </testcase>
</testsuite>